# JRE version: OpenJDK Runtime Environment Temurin-21.0.5+11 (21.0.5+11) (build 21.0.5+11-LTS)
# Java VM: OpenJDK 64-Bit Server VM Temurin-21.0.5+11 (21.0.5+11-LTS, mixed mode, sharing, tiered, compressed oops, compressed class ptrs, parallel gc, windows-amd64)
GC Precious Log:
 CardTable entry size: 512
 CPUs: 16 total, 16 available
 Memory: 16310M
 Large Page Support: Disabled
 NUMA Support: Disabled
 Compressed Oops: Enabled (32-bit)
 Alignments: Space 512K, Generation 512K, Heap 2M
 Heap Min Capacity: 100M
 Heap Initial Capacity: 100M
 Heap Max Capacity: 1G
 Pre-touch: Disabled
 Parallel Workers: 13
Heap:
 PSYoungGen      total 19456K, used 16902K [0x00000000eab00000, 0x00000000ec380000, 0x0000000100000000)
  eden space 15872K, 86% used [0x00000000eab00000,0x00000000eb85d410,0x00000000eba80000)
  from space 3584K, 89% used [0x00000000ec000000,0x00000000ec3246d0,0x00000000ec380000)
  to   space 4096K, 0% used [0x00000000ebb80000,0x00000000ebb80000,0x00000000ebf80000)
 ParOldGen       total 68608K, used 60535K [0x00000000c0000000, 0x00000000c4300000, 0x00000000eab00000)
  object space 68608K, 88% used [0x00000000c0000000,0x00000000c3b1dfd0,0x00000000c4300000)
 Metaspace       used 43908K, committed 45120K, reserved 1114112K
  class space    used 4474K, committed 4992K, reserved 1048576K
GC Heap History (20 events):
Event: 4.511 GC heap before
{Heap before GC invocations=21 (full 2):
 PSYoungGen      total 24576K, used 24425K [0x00000000eab00000, 0x00000000ec600000, 0x0000000100000000)
  eden space 22016K, 99% used [0x00000000eab00000,0x00000000ec073900,0x00000000ec080000)
  from space 2560K, 96% used [0x00000000ec380000,0x00000000ec5e6c18,0x00000000ec600000)
  to   space 2560K, 0% used [0x00000000ec100000,0x00000000ec100000,0x00000000ec380000)
 ParOldGen       total 68608K, used 26576K [0x00000000c0000000, 0x00000000c4300000, 0x00000000eab00000)
  object space 68608K, 38% used [0x00000000c0000000,0x00000000c19f4300,0x00000000c4300000)
 Metaspace       used 40021K, committed 41216K, reserved 1114112K
  class space    used 4014K, committed 4544K, reserved 1048576K
}
Event: 4.513 GC heap after
{Heap after GC invocations=21 (full 2):
 PSYoungGen      total 24576K, used 2534K [0x00000000eab00000, 0x00000000ecc80000, 0x0000000100000000)
  eden space 22016K, 0% used [0x00000000eab00000,0x00000000eab00000,0x00000000ec080000)
  from space 2560K, 99% used [0x00000000ec100000,0x00000000ec379ad0,0x00000000ec380000)
  to   space 6144K, 0% used [0x00000000ec680000,0x00000000ec680000,0x00000000ecc80000)
 ParOldGen       total 68608K, used 29552K [0x00000000c0000000, 0x00000000c4300000, 0x00000000eab00000)
  object space 68608K, 43% used [0x00000000c0000000,0x00000000c1cdc160,0x00000000c4300000)
 Metaspace       used 40021K, committed 41216K, reserved 1114112K
  class space    used 4014K, committed 4544K, reserved 1048576K
}
Event: 4.574 GC heap before
{Heap before GC invocations=22 (full 2):
 PSYoungGen      total 24576K, used 24484K [0x00000000eab00000, 0x00000000ecc80000, 0x0000000100000000)
  eden space 22016K, 99% used [0x00000000eab00000,0x00000000ec06f630,0x00000000ec080000)
  from space 2560K, 99% used [0x00000000ec100000,0x00000000ec379ad0,0x00000000ec380000)
  to   space 6144K, 0% used [0x00000000ec680000,0x00000000ec680000,0x00000000ecc80000)
 ParOldGen       total 68608K, used 29552K [0x00000000c0000000, 0x00000000c4300000, 0x00000000eab00000)
  object space 68608K, 43% used [0x00000000c0000000,0x00000000c1cdc160,0x00000000c4300000)
 Metaspace       used 40607K, committed 41856K, reserved 1114112K
  class space    used 4085K, committed 4608K, reserved 1048576K
}
Event: 4.575 GC heap after
{Heap after GC invocations=22 (full 2):
 PSYoungGen      total 26112K, used 4085K [0x00000000eab00000, 0x00000000eca80000, 0x0000000100000000)
  eden space 22016K, 0% used [0x00000000eab00000,0x00000000eab00000,0x00000000ec080000)
  from space 4096K, 99% used [0x00000000ec680000,0x00000000eca7d758,0x00000000eca80000)
  to   space 4608K, 0% used [0x00000000ec180000,0x00000000ec180000,0x00000000ec600000)
 ParOldGen       total 68608K, used 31925K [0x00000000c0000000, 0x00000000c4300000, 0x00000000eab00000)
  object space 68608K, 46% used [0x00000000c0000000,0x00000000c1f2d608,0x00000000c4300000)
 Metaspace       used 40607K, committed 41856K, reserved 1114112K
  class space    used 4085K, committed 4608K, reserved 1048576K
}
Event: 4.628 GC heap before
{Heap before GC invocations=23 (full 2):
 PSYoungGen      total 26112K, used 26101K [0x00000000eab00000, 0x00000000eca80000, 0x0000000100000000)
  eden space 22016K, 100% used [0x00000000eab00000,0x00000000ec080000,0x00000000ec080000)
  from space 4096K, 99% used [0x00000000ec680000,0x00000000eca7d758,0x00000000eca80000)
  to   space 4608K, 0% used [0x00000000ec180000,0x00000000ec180000,0x00000000ec600000)
 ParOldGen       total 68608K, used 31925K [0x00000000c0000000, 0x00000000c4300000, 0x00000000eab00000)
  object space 68608K, 46% used [0x00000000c0000000,0x00000000c1f2d608,0x00000000c4300000)
 Metaspace       used 41096K, committed 42304K, reserved 1114112K
  class space    used 4138K, committed 4672K, reserved 1048576K
}
Event: 4.630 GC heap after
{Heap after GC invocations=23 (full 2):
 PSYoungGen      total 26624K, used 4381K [0x00000000eab00000, 0x00000000ec980000, 0x0000000100000000)
  eden space 22016K, 0% used [0x00000000eab00000,0x00000000eab00000,0x00000000ec080000)
  from space 4608K, 95% used [0x00000000ec180000,0x00000000ec5c75a0,0x00000000ec600000)
  to   space 3584K, 0% used [0x00000000ec600000,0x00000000ec600000,0x00000000ec980000)
 ParOldGen       total 68608K, used 35542K [0x00000000c0000000, 0x00000000c4300000, 0x00000000eab00000)
  object space 68608K, 51% used [0x00000000c0000000,0x00000000c22b5848,0x00000000c4300000)
 Metaspace       used 41096K, committed 42304K, reserved 1114112K
  class space    used 4138K, committed 4672K, reserved 1048576K
}
Event: 4.701 GC heap before
{Heap before GC invocations=24 (full 2):
 PSYoungGen      total 26624K, used 26397K [0x00000000eab00000, 0x00000000ec980000, 0x0000000100000000)
  eden space 22016K, 100% used [0x00000000eab00000,0x00000000ec080000,0x00000000ec080000)
  from space 4608K, 95% used [0x00000000ec180000,0x00000000ec5c75a0,0x00000000ec600000)
  to   space 3584K, 0% used [0x00000000ec600000,0x00000000ec600000,0x00000000ec980000)
 ParOldGen       total 68608K, used 35542K [0x00000000c0000000, 0x00000000c4300000, 0x00000000eab00000)
  object space 68608K, 51% used [0x00000000c0000000,0x00000000c22b5848,0x00000000c4300000)
 Metaspace       used 41562K, committed 42880K, reserved 1114112K
  class space    used 4191K, committed 4736K, reserved 1048576K
}
Event: 4.705 GC heap after
{Heap after GC invocations=24 (full 2):
 PSYoungGen      total 19456K, used 3558K [0x00000000eab00000, 0x00000000ed780000, 0x0000000100000000)
  eden space 15872K, 0% used [0x00000000eab00000,0x00000000eab00000,0x00000000eba80000)
  from space 3584K, 99% used [0x00000000ec600000,0x00000000ec979ba0,0x00000000ec980000)
  to   space 11776K, 0% used [0x00000000eba80000,0x00000000eba80000,0x00000000ec600000)
 ParOldGen       total 68608K, used 42237K [0x00000000c0000000, 0x00000000c4300000, 0x00000000eab00000)
  object space 68608K, 61% used [0x00000000c0000000,0x00000000c293f578,0x00000000c4300000)
 Metaspace       used 41562K, committed 42880K, reserved 1114112K
  class space    used 4191K, committed 4736K, reserved 1048576K
}
Event: 4.740 GC heap before
{Heap before GC invocations=25 (full 2):
 PSYoungGen      total 19456K, used 19006K [0x00000000eab00000, 0x00000000ed780000, 0x0000000100000000)
  eden space 15872K, 97% used [0x00000000eab00000,0x00000000eba15ca8,0x00000000eba80000)
  from space 3584K, 99% used [0x00000000ec600000,0x00000000ec979ba0,0x00000000ec980000)
  to   space 11776K, 0% used [0x00000000eba80000,0x00000000eba80000,0x00000000ec600000)
 ParOldGen       total 68608K, used 42237K [0x00000000c0000000, 0x00000000c4300000, 0x00000000eab00000)
  object space 68608K, 61% used [0x00000000c0000000,0x00000000c293f578,0x00000000c4300000)
 Metaspace       used 41730K, committed 43008K, reserved 1114112K
  class space    used 4215K, committed 4736K, reserved 1048576K
}
Event: 4.742 GC heap after
{Heap after GC invocations=25 (full 2):
 PSYoungGen      total 20480K, used 4380K [0x00000000eab00000, 0x00000000ec780000, 0x0000000100000000)
  eden space 15872K, 0% used [0x00000000eab00000,0x00000000eab00000,0x00000000eba80000)
  from space 4608K, 95% used [0x00000000eba80000,0x00000000ebec7328,0x00000000ebf00000)
  to   space 6656K, 0% used [0x00000000ec100000,0x00000000ec100000,0x00000000ec780000)
 ParOldGen       total 68608K, used 45738K [0x00000000c0000000, 0x00000000c4300000, 0x00000000eab00000)
  object space 68608K, 66% used [0x00000000c0000000,0x00000000c2caa808,0x00000000c4300000)
 Metaspace       used 41730K, committed 43008K, reserved 1114112K
  class space    used 4215K, committed 4736K, reserved 1048576K
}
Event: 4.831 GC heap before
{Heap before GC invocations=26 (full 2):
 PSYoungGen      total 20480K, used 20252K [0x00000000eab00000, 0x00000000ec780000, 0x0000000100000000)
  eden space 15872K, 100% used [0x00000000eab00000,0x00000000eba80000,0x00000000eba80000)
  from space 4608K, 95% used [0x00000000eba80000,0x00000000ebec7328,0x00000000ebf00000)
  to   space 6656K, 0% used [0x00000000ec100000,0x00000000ec100000,0x00000000ec780000)
 ParOldGen       total 68608K, used 45738K [0x00000000c0000000, 0x00000000c4300000, 0x00000000eab00000)
  object space 68608K, 66% used [0x00000000c0000000,0x00000000c2caa808,0x00000000c4300000)
 Metaspace       used 42065K, committed 43264K, reserved 1114112K
  class space    used 4248K, committed 4736K, reserved 1048576K
}
Event: 4.837 GC heap after
{Heap after GC invocations=26 (full 2):
 PSYoungGen      total 19456K, used 3483K [0x00000000eab00000, 0x00000000ec480000, 0x0000000100000000)
  eden space 15872K, 0% used [0x00000000eab00000,0x00000000eab00000,0x00000000eba80000)
  from space 3584K, 97% used [0x00000000ec100000,0x00000000ec466ed0,0x00000000ec480000)
  to   space 4608K, 0% used [0x00000000ebb80000,0x00000000ebb80000,0x00000000ec000000)
 ParOldGen       total 68608K, used 49907K [0x00000000c0000000, 0x00000000c4300000, 0x00000000eab00000)
  object space 68608K, 72% used [0x00000000c0000000,0x00000000c30bcee8,0x00000000c4300000)
 Metaspace       used 42065K, committed 43264K, reserved 1114112K
  class space    used 4248K, committed 4736K, reserved 1048576K
}
Event: 4.929 GC heap before
{Heap before GC invocations=27 (full 2):
 PSYoungGen      total 19456K, used 19355K [0x00000000eab00000, 0x00000000ec480000, 0x0000000100000000)
  eden space 15872K, 100% used [0x00000000eab00000,0x00000000eba80000,0x00000000eba80000)
  from space 3584K, 97% used [0x00000000ec100000,0x00000000ec466ed0,0x00000000ec480000)
  to   space 4608K, 0% used [0x00000000ebb80000,0x00000000ebb80000,0x00000000ec000000)
 ParOldGen       total 68608K, used 49907K [0x00000000c0000000, 0x00000000c4300000, 0x00000000eab00000)
  object space 68608K, 72% used [0x00000000c0000000,0x00000000c30bcee8,0x00000000c4300000)
 Metaspace       used 42472K, committed 43712K, reserved 1114112K
  class space    used 4297K, committed 4800K, reserved 1048576K
}
Event: 4.932 GC heap after
{Heap after GC invocations=27 (full 2):
 PSYoungGen      total 19456K, used 3155K [0x00000000eab00000, 0x00000000ec180000, 0x0000000100000000)
  eden space 15872K, 0% used [0x00000000eab00000,0x00000000eab00000,0x00000000eba80000)
  from space 3584K, 88% used [0x00000000ebb80000,0x00000000ebe94ea0,0x00000000ebf00000)
  to   space 2560K, 0% used [0x00000000ebf00000,0x00000000ebf00000,0x00000000ec180000)
 ParOldGen       total 68608K, used 52796K [0x00000000c0000000, 0x00000000c4300000, 0x00000000eab00000)
  object space 68608K, 76% used [0x00000000c0000000,0x00000000c338f3c8,0x00000000c4300000)
 Metaspace       used 42472K, committed 43712K, reserved 1114112K
  class space    used 4297K, committed 4800K, reserved 1048576K
}
Event: 5.055 GC heap before
{Heap before GC invocations=28 (full 2):
 PSYoungGen      total 19456K, used 19027K [0x00000000eab00000, 0x00000000ec180000, 0x0000000100000000)
  eden space 15872K, 100% used [0x00000000eab00000,0x00000000eba80000,0x00000000eba80000)
  from space 3584K, 88% used [0x00000000ebb80000,0x00000000ebe94ea0,0x00000000ebf00000)
  to   space 2560K, 0% used [0x00000000ebf00000,0x00000000ebf00000,0x00000000ec180000)
 ParOldGen       total 68608K, used 52796K [0x00000000c0000000, 0x00000000c4300000, 0x00000000eab00000)
  object space 68608K, 76% used [0x00000000c0000000,0x00000000c338f3c8,0x00000000c4300000)
 Metaspace       used 42984K, committed 44224K, reserved 1114112K
  class space    used 4360K, committed 4864K, reserved 1048576K
}
Event: 5.056 GC heap after
{Heap after GC invocations=28 (full 2):
 PSYoungGen      total 18432K, used 2324K [0x00000000eab00000, 0x00000000ec180000, 0x0000000100000000)
  eden space 15872K, 0% used [0x00000000eab00000,0x00000000eab00000,0x00000000eba80000)
  from space 2560K, 90% used [0x00000000ebf00000,0x00000000ec145158,0x00000000ec180000)
  to   space 3072K, 0% used [0x00000000ebb80000,0x00000000ebb80000,0x00000000ebe80000)
 ParOldGen       total 68608K, used 55638K [0x00000000c0000000, 0x00000000c4300000, 0x00000000eab00000)
  object space 68608K, 81% used [0x00000000c0000000,0x00000000c3655b88,0x00000000c4300000)
 Metaspace       used 42984K, committed 44224K, reserved 1114112K
  class space    used 4360K, committed 4864K, reserved 1048576K
}
Event: 5.157 GC heap before
{Heap before GC invocations=29 (full 2):
 PSYoungGen      total 18432K, used 18196K [0x00000000eab00000, 0x00000000ec180000, 0x0000000100000000)
  eden space 15872K, 100% used [0x00000000eab00000,0x00000000eba80000,0x00000000eba80000)
  from space 2560K, 90% used [0x00000000ebf00000,0x00000000ec145158,0x00000000ec180000)
  to   space 3072K, 0% used [0x00000000ebb80000,0x00000000ebb80000,0x00000000ebe80000)
 ParOldGen       total 68608K, used 55638K [0x00000000c0000000, 0x00000000c4300000, 0x00000000eab00000)
  object space 68608K, 81% used [0x00000000c0000000,0x00000000c3655b88,0x00000000c4300000)
 Metaspace       used 43258K, committed 44480K, reserved 1114112K
  class space    used 4392K, committed 4928K, reserved 1048576K
}
Event: 5.160 GC heap after
{Heap after GC invocations=29 (full 2):
 PSYoungGen      total 18944K, used 3065K [0x00000000eab00000, 0x00000000ec580000, 0x0000000100000000)
  eden space 15872K, 0% used [0x00000000eab00000,0x00000000eab00000,0x00000000eba80000)
  from space 3072K, 99% used [0x00000000ebb80000,0x00000000ebe7e6b0,0x00000000ebe80000)
  to   space 5632K, 0% used [0x00000000ec000000,0x00000000ec000000,0x00000000ec580000)
 ParOldGen       total 68608K, used 57702K [0x00000000c0000000, 0x00000000c4300000, 0x00000000eab00000)
  object space 68608K, 84% used [0x00000000c0000000,0x00000000c3859870,0x00000000c4300000)
 Metaspace       used 43258K, committed 44480K, reserved 1114112K
  class space    used 4392K, committed 4928K, reserved 1048576K
}
Event: 5.406 GC heap before
{Heap before GC invocations=30 (full 2):
 PSYoungGen      total 18944K, used 18937K [0x00000000eab00000, 0x00000000ec580000, 0x0000000100000000)
  eden space 15872K, 100% used [0x00000000eab00000,0x00000000eba80000,0x00000000eba80000)
  from space 3072K, 99% used [0x00000000ebb80000,0x00000000ebe7e6b0,0x00000000ebe80000)
  to   space 5632K, 0% used [0x00000000ec000000,0x00000000ec000000,0x00000000ec580000)
 ParOldGen       total 68608K, used 57702K [0x00000000c0000000, 0x00000000c4300000, 0x00000000eab00000)
  object space 68608K, 84% used [0x00000000c0000000,0x00000000c3859870,0x00000000c4300000)
 Metaspace       used 43559K, committed 44736K, reserved 1114112K
  class space    used 4435K, committed 4928K, reserved 1048576K
}
Event: 5.408 GC heap after
{Heap after GC invocations=30 (full 2):
 PSYoungGen      total 19456K, used 3217K [0x00000000eab00000, 0x00000000ec380000, 0x0000000100000000)
  eden space 15872K, 0% used [0x00000000eab00000,0x00000000eab00000,0x00000000eba80000)
  from space 3584K, 89% used [0x00000000ec000000,0x00000000ec3246d0,0x00000000ec380000)
  to   space 4096K, 0% used [0x00000000ebb80000,0x00000000ebb80000,0x00000000ebf80000)
 ParOldGen       total 68608K, used 60535K [0x00000000c0000000, 0x00000000c4300000, 0x00000000eab00000)
  object space 68608K, 88% used [0x00000000c0000000,0x00000000c3b1dfd0,0x00000000c4300000)
 Metaspace       used 43559K, committed 44736K, reserved 1114112K
  class space    used 4435K, committed 4928K, reserved 1048576K
}

